<?xml version="1.0" encoding="UTF-8"?>
<testsuite name="za.co.smartpantry.RecipeMatcherTest" tests="25" skipped="0" failures="0" errors="0" timestamp="2026-09-05T23:05:56.329Z" hostname="PRESHANT" time="0.012">
  <properties/>
  <testcase name="tinyShortageIsNotRoundedUp" classname="za.co.smartpantry.RecipeMatcherTest" time="0.002"/>
  <testcase name="duplicateQuantitiesCombine" classname="za.co.smartpantry.RecipeMatcherTest" time="0.0"/>
  <testcase name="everyIngredientMustQualify" classname="za.co.smartpantry.RecipeMatcherTest" time="0.0"/>
  <testcase name="unknownUnitFailsEvenWhenEqual" classname="za.co.smartpantry.RecipeMatcherTest" time="0.001"/>
  <testcase name="caseDifferencesMatch" classname="za.co.smartpantry.RecipeMatcherTest" time="0.0"/>
  <testcase name="teaspoonsCombineWithTablespoons" classname="za.co.smartpantry.RecipeMatcherTest" time="0.0"/>
  <testcase name="cookedAndDryRemainDistinct" classname="za.co.smartpantry.RecipeMatcherTest" time="0.0"/>
  <testcase name="spoonsConvertToMillilitres" classname="za.co.smartpantry.RecipeMatcherTest" time="0.0"/>
  <testcase name="insufficientQuantityFails" classname="za.co.smartpantry.RecipeMatcherTest" time="0.0"/>
  <testcase name="singularPluralMatches" classname="za.co.smartpantry.RecipeMatcherTest" time="0.001"/>
  <testcase name="compatibleStockIsNotMixedWithIncompatibleStock" classname="za.co.smartpantry.RecipeMatcherTest" time="0.0"/>
  <testcase name="emptyPantryFails" classname="za.co.smartpantry.RecipeMatcherTest" time="0.0"/>
  <testcase name="repeatedRecipeRequirementsCannotReuseStock" classname="za.co.smartpantry.RecipeMatcherTest" time="0.001"/>
  <testcase name="malformedRecipeDoesNotQualify" classname="za.co.smartpantry.RecipeMatcherTest" time="0.001"/>
  <testcase name="litresConvertToMillilitres" classname="za.co.smartpantry.RecipeMatcherTest" time="0.0"/>
  <testcase name="exactCompleteMatch" classname="za.co.smartpantry.RecipeMatcherTest" time="0.0"/>
  <testcase name="incompatibleUnitsFail" classname="za.co.smartpantry.RecipeMatcherTest" time="0.001"/>
  <testcase name="kilogramsConvertToGrams" classname="za.co.smartpantry.RecipeMatcherTest" time="0.0"/>
  <testcase name="pluralPhraseMatches" classname="za.co.smartpantry.RecipeMatcherTest" time="0.001"/>
  <testcase name="greaterQuantityMatches" classname="za.co.smartpantry.RecipeMatcherTest" time="0.0"/>
  <testcase name="decimalQuantitiesAreExact" classname="za.co.smartpantry.RecipeMatcherTest" time="0.0"/>
  <testcase name="aliasesMatch" classname="za.co.smartpantry.RecipeMatcherTest" time="0.0"/>
  <testcase name="missingIngredientFails" classname="za.co.smartpantry.RecipeMatcherTest" time="0.0"/>
  <testcase name="convertedShortageFails" classname="za.co.smartpantry.RecipeMatcherTest" time="0.0"/>
  <testcase name="whitespaceMatches" classname="za.co.smartpantry.RecipeMatcherTest" time="0.001"/>
  <system-out><![CDATA[]]></system-out>
  <system-err><![CDATA[]]></system-err>
</testsuite>
