<?xml version="1.0" encoding="UTF-8"?>
<testsuite name="za.co.smartpantry.PantryValidationTest" tests="3" skipped="0" failures="0" errors="0" timestamp="2026-09-05T23:05:56.312Z" hostname="PRESHANT" time="0.011">
  <properties/>
  <testcase name="namesMustHaveContent" classname="za.co.smartpantry.PantryValidationTest" time="0.003"/>
  <testcase name="quantitiesMustBePositiveFiniteDecimals" classname="za.co.smartpantry.PantryValidationTest" time="0.002"/>
  <testcase name="datesAreOptionalAndStrict" classname="za.co.smartpantry.PantryValidationTest" time="0.006"/>
  <system-out><![CDATA[]]></system-out>
  <system-err><![CDATA[]]></system-err>
</testsuite>
